2018-09-10 16:46:57.167 INFO  (main) [   ] o.e.j.u.log Logging initialized @345ms
2018-09-10 16:46:57.380 INFO  (main) [   ] o.e.j.s.Server jetty-9.3.8.v20160314
2018-09-10 16:46:57.395 INFO  (main) [   ] o.e.j.d.p.ScanningAppProvider Deployment monitor [file:///home/akash/Documents/3rd%20Year%202nd%20Semester/IRWA/Project_Solr/Apache_Solr/solr-6.0.0/solr-6.0.0/server/contexts/] at interval 0
2018-09-10 16:46:57.735 INFO  (main) [   ] o.e.j.w.StandardDescriptorProcessor NO JSP Support for /solr, did not find org.apache.jasper.servlet.JspServlet
2018-09-10 16:46:57.744 WARN  (main) [   ] o.e.j.s.SecurityHandler ServletContext@o.e.j.w.WebAppContext@5383967b{/solr,file:///home/akash/Documents/3rd%20Year%202nd%20Semester/IRWA/Project_Solr/Apache_Solr/solr-6.0.0/solr-6.0.0/server/solr-webapp/webapp/,STARTING}{/home/akash/Documents/3rd Year 2nd Semester/IRWA/Project_Solr/Apache_Solr/solr-6.0.0/solr-6.0.0/server/solr-webapp/webapp} has uncovered http methods for path: /
2018-09-10 16:46:57.755 INFO  (main) [   ] o.a.s.s.SolrDispatchFilter SolrDispatchFilter.init(): WebAppClassLoader=1465085305@57536d79
2018-09-10 16:46:57.776 INFO  (main) [   ] o.a.s.c.SolrResourceLoader JNDI not configured for solr (NoInitialContextEx)
2018-09-10 16:46:57.776 INFO  (main) [   ] o.a.s.c.SolrResourceLoader using system property solr.solr.home: /home/akash/Documents/3rd Year 2nd Semester/IRWA/Project_Solr/Apache_Solr/solr-6.0.0/solr-6.0.0/server/solr
2018-09-10 16:46:57.777 INFO  (main) [   ] o.a.s.c.SolrResourceLoader new SolrResourceLoader for directory: '/home/akash/Documents/3rd Year 2nd Semester/IRWA/Project_Solr/Apache_Solr/solr-6.0.0/solr-6.0.0/server/solr'
2018-09-10 16:46:57.777 INFO  (main) [   ] o.a.s.c.SolrResourceLoader JNDI not configured for solr (NoInitialContextEx)
2018-09-10 16:46:57.777 INFO  (main) [   ] o.a.s.c.SolrResourceLoader using system property solr.solr.home: /home/akash/Documents/3rd Year 2nd Semester/IRWA/Project_Solr/Apache_Solr/solr-6.0.0/solr-6.0.0/server/solr
2018-09-10 16:46:57.783 INFO  (main) [   ] o.a.s.c.SolrXmlConfig Loading container configuration from /home/akash/Documents/3rd Year 2nd Semester/IRWA/Project_Solr/Apache_Solr/solr-6.0.0/solr-6.0.0/server/solr/solr.xml
2018-09-10 16:46:57.849 INFO  (main) [   ] o.a.s.c.CorePropertiesLocator Config-defined core root directory: /home/akash/Documents/3rd Year 2nd Semester/IRWA/Project_Solr/Apache_Solr/solr-6.0.0/solr-6.0.0/server/solr
2018-09-10 16:46:57.886 INFO  (main) [   ] o.a.s.c.CoreContainer New CoreContainer 700072760
2018-09-10 16:46:57.887 INFO  (main) [   ] o.a.s.c.CoreContainer Loading cores into CoreContainer [instanceDir=/home/akash/Documents/3rd Year 2nd Semester/IRWA/Project_Solr/Apache_Solr/solr-6.0.0/solr-6.0.0/server/solr]
2018-09-10 16:46:57.887 WARN  (main) [   ] o.a.s.c.CoreContainer Couldn't add files from /home/akash/Documents/3rd Year 2nd Semester/IRWA/Project_Solr/Apache_Solr/solr-6.0.0/solr-6.0.0/server/solr/lib to classpath: /home/akash/Documents/3rd Year 2nd Semester/IRWA/Project_Solr/Apache_Solr/solr-6.0.0/solr-6.0.0/server/solr/lib
2018-09-10 16:46:57.901 INFO  (main) [   ] o.a.s.h.c.HttpShardHandlerFactory created with socketTimeout : 600000,connTimeout : 60000,maxConnectionsPerHost : 20,maxConnections : 10000,corePoolSize : 0,maximumPoolSize : 2147483647,maxThreadIdleTime : 5,sizeOfQueue : -1,fairnessPolicy : false,useRetries : false,
2018-09-10 16:46:58.210 INFO  (main) [   ] o.a.s.u.UpdateShardHandler Creating UpdateShardHandler HTTP client with params: socketTimeout=600000&connTimeout=60000&retry=true
2018-09-10 16:46:58.214 INFO  (main) [   ] o.a.s.l.LogWatcher SLF4J impl is org.slf4j.impl.Log4jLoggerFactory
2018-09-10 16:46:58.215 INFO  (main) [   ] o.a.s.l.LogWatcher Registering Log Listener [Log4j (org.slf4j.impl.Log4jLoggerFactory)]
2018-09-10 16:46:58.217 INFO  (main) [   ] o.a.s.c.CoreContainer Security conf doesn't exist. Skipping setup for authorization module.
2018-09-10 16:46:58.217 INFO  (main) [   ] o.a.s.c.CoreContainer No authentication plugin used.
2018-09-10 16:46:58.258 INFO  (main) [   ] o.a.s.c.CorePropertiesLocator Looking for core definitions underneath /home/akash/Documents/3rd Year 2nd Semester/IRWA/Project_Solr/Apache_Solr/solr-6.0.0/solr-6.0.0/server/solr
2018-09-10 16:46:58.269 INFO  (main) [   ] o.a.s.c.CoreDescriptor Created CoreDescriptor: {name=bookstore, config=solrconfig.xml, loadOnStartup=true, schema=schema.xml, configSetProperties=configsetprops.json, transient=false, dataDir=data/}
2018-09-10 16:46:58.270 INFO  (main) [   ] o.a.s.c.CorePropertiesLocator Found core bookstore in /home/akash/Documents/3rd Year 2nd Semester/IRWA/Project_Solr/Apache_Solr/solr-6.0.0/solr-6.0.0/server/solr/bookstore
2018-09-10 16:46:58.270 INFO  (main) [   ] o.a.s.c.CorePropertiesLocator Found 1 core definitions
2018-09-10 16:46:58.275 INFO  (main) [   ] o.a.s.s.SolrDispatchFilter user.dir=/home/akash/Documents/3rd Year 2nd Semester/IRWA/Project_Solr/Apache_Solr/solr-6.0.0/solr-6.0.0/server
2018-09-10 16:46:58.275 INFO  (main) [   ] o.a.s.s.SolrDispatchFilter SolrDispatchFilter.init() done
2018-09-10 16:46:58.276 INFO  (coreLoadExecutor-6-thread-1) [   ] o.a.s.c.SolrResourceLoader new SolrResourceLoader for directory: '/home/akash/Documents/3rd Year 2nd Semester/IRWA/Project_Solr/Apache_Solr/solr-6.0.0/solr-6.0.0/server/solr/bookstore'
2018-09-10 16:46:58.276 INFO  (coreLoadExecutor-6-thread-1) [   ] o.a.s.c.SolrResourceLoader JNDI not configured for solr (NoInitialContextEx)
2018-09-10 16:46:58.276 INFO  (coreLoadExecutor-6-thread-1) [   ] o.a.s.c.SolrResourceLoader using system property solr.solr.home: /home/akash/Documents/3rd Year 2nd Semester/IRWA/Project_Solr/Apache_Solr/solr-6.0.0/solr-6.0.0/server/solr
2018-09-10 16:46:58.291 INFO  (main) [   ] o.e.j.s.h.ContextHandler Started o.e.j.w.WebAppContext@5383967b{/solr,file:///home/akash/Documents/3rd%20Year%202nd%20Semester/IRWA/Project_Solr/Apache_Solr/solr-6.0.0/solr-6.0.0/server/solr-webapp/webapp/,AVAILABLE}{/home/akash/Documents/3rd Year 2nd Semester/IRWA/Project_Solr/Apache_Solr/solr-6.0.0/solr-6.0.0/server/solr-webapp/webapp}
2018-09-10 16:46:58.303 INFO  (main) [   ] o.e.j.s.ServerConnector Started ServerConnector@3a52dba3{HTTP/1.1,[http/1.1]}{0.0.0.0:8983}
2018-09-10 16:46:58.303 INFO  (main) [   ] o.e.j.s.Server Started @1483ms
2018-09-10 16:46:58.305 INFO  (coreLoadExecutor-6-thread-1) [   ] o.a.s.c.SolrConfig current version of requestparams : -1
2018-09-10 16:46:58.341 INFO  (coreLoadExecutor-6-thread-1) [   ] o.a.s.u.SolrIndexConfig IndexWriter infoStream solr logging is enabled
2018-09-10 16:46:58.348 INFO  (coreLoadExecutor-6-thread-1) [   ] o.a.s.c.SolrConfig Using Lucene MatchVersion: 6.0.0
2018-09-10 16:46:58.462 INFO  (coreLoadExecutor-6-thread-1) [   ] o.a.s.c.SolrConfig Loaded SolrConfig: solrconfig.xml
2018-09-10 16:46:58.506 INFO  (coreLoadExecutor-6-thread-1) [   ] o.a.s.s.IndexSchema [bookstore] Schema name=example
2018-09-10 16:46:58.786 INFO  (coreLoadExecutor-6-thread-1) [   ] o.a.s.s.IndexSchema unique key field: isbn
2018-09-10 16:46:58.893 INFO  (coreLoadExecutor-6-thread-1) [   ] o.a.s.s.FileExchangeRateProvider Reloading exchange rates from file currency.xml
2018-09-10 16:46:58.900 INFO  (coreLoadExecutor-6-thread-1) [   ] o.a.s.s.FileExchangeRateProvider Reloading exchange rates from file currency.xml
2018-09-10 16:46:58.908 INFO  (coreLoadExecutor-6-thread-1) [   ] o.a.s.c.ConfigSetProperties Did not find ConfigSet properties, assuming default properties: Can't find resource 'configsetprops.json' in classpath or '/home/akash/Documents/3rd Year 2nd Semester/IRWA/Project_Solr/Apache_Solr/solr-6.0.0/solr-6.0.0/server/solr/bookstore'
2018-09-10 16:46:58.908 INFO  (coreLoadExecutor-6-thread-1) [   ] o.a.s.c.CoreContainer Creating SolrCore 'bookstore' using configuration from instancedir /home/akash/Documents/3rd Year 2nd Semester/IRWA/Project_Solr/Apache_Solr/solr-6.0.0/solr-6.0.0/server/solr/bookstore
2018-09-10 16:46:58.938 INFO  (coreLoadExecutor-6-thread-1) [   x:bookstore] o.a.s.c.SolrCore solr.NRTCachingDirectoryFactory
2018-09-10 16:46:58.950 INFO  (coreLoadExecutor-6-thread-1) [   x:bookstore] o.a.s.c.SolrCore [[bookstore] ] Opening new SolrCore at [/home/akash/Documents/3rd Year 2nd Semester/IRWA/Project_Solr/Apache_Solr/solr-6.0.0/solr-6.0.0/server/solr/bookstore], dataDir=[/home/akash/Documents/3rd Year 2nd Semester/IRWA/Project_Solr/Apache_Solr/solr-6.0.0/solr-6.0.0/server/solr/bookstore/data/]
2018-09-10 16:46:58.952 INFO  (coreLoadExecutor-6-thread-1) [   x:bookstore] o.a.s.c.JmxMonitoredMap No JMX servers found, not exposing Solr information with JMX.
2018-09-10 16:46:58.957 INFO  (coreLoadExecutor-6-thread-1) [   x:bookstore] o.a.s.c.SchemaCodecFactory Using default compressionMode: BEST_SPEED
2018-09-10 16:46:59.023 INFO  (coreLoadExecutor-6-thread-1) [   x:bookstore] o.a.s.c.CachingDirectoryFactory return new directory for /home/akash/Documents/3rd Year 2nd Semester/IRWA/Project_Solr/Apache_Solr/solr-6.0.0/solr-6.0.0/server/solr/bookstore/data
2018-09-10 16:46:59.024 INFO  (coreLoadExecutor-6-thread-1) [   x:bookstore] o.a.s.c.SolrCore New index directory detected: old=null new=/home/akash/Documents/3rd Year 2nd Semester/IRWA/Project_Solr/Apache_Solr/solr-6.0.0/solr-6.0.0/server/solr/bookstore/data/index/
2018-09-10 16:46:59.025 INFO  (coreLoadExecutor-6-thread-1) [   x:bookstore] o.a.s.c.CachingDirectoryFactory return new directory for /home/akash/Documents/3rd Year 2nd Semester/IRWA/Project_Solr/Apache_Solr/solr-6.0.0/solr-6.0.0/server/solr/bookstore/data/index
2018-09-10 16:46:59.040 INFO  (OldIndexDirectoryCleanupThreadForCore-bookstore) [   x:bookstore] o.a.s.c.SolrCore Looking for old index directories to cleanup for core bookstore in /home/akash/Documents/3rd Year 2nd Semester/IRWA/Project_Solr/Apache_Solr/solr-6.0.0/solr-6.0.0/server/solr/bookstore/data/
2018-09-10 16:46:59.107 INFO  (coreLoadExecutor-6-thread-1) [   x:bookstore] o.a.s.c.SolrCore no updateRequestProcessorChain defined as default, creating implicit default
2018-09-10 16:46:59.133 INFO  (coreLoadExecutor-6-thread-1) [   x:bookstore] o.a.s.h.l.XMLLoader xsltCacheLifetimeSeconds=60
2018-09-10 16:46:59.135 INFO  (coreLoadExecutor-6-thread-1) [   x:bookstore] o.a.s.h.l.XMLLoader xsltCacheLifetimeSeconds=60
2018-09-10 16:46:59.136 INFO  (coreLoadExecutor-6-thread-1) [   x:bookstore] o.a.s.h.l.XMLLoader xsltCacheLifetimeSeconds=60
2018-09-10 16:46:59.137 INFO  (coreLoadExecutor-6-thread-1) [   x:bookstore] o.a.s.h.l.XMLLoader xsltCacheLifetimeSeconds=60
2018-09-10 16:46:59.192 INFO  (coreLoadExecutor-6-thread-1) [   x:bookstore] o.a.s.c.PluginBag requestHandler : '/analysis/field' created with startup=lazy 
2018-09-10 16:46:59.193 INFO  (coreLoadExecutor-6-thread-1) [   x:bookstore] o.a.s.c.PluginBag requestHandler : '/analysis/document' created with startup=lazy 
2018-09-10 16:46:59.194 INFO  (coreLoadExecutor-6-thread-1) [   x:bookstore] o.a.s.c.PluginBag requestHandler : '/terms' created with startup=lazy 
2018-09-10 16:46:59.195 INFO  (coreLoadExecutor-6-thread-1) [   x:bookstore] o.a.s.c.RequestHandlers Registered paths: /admin/mbeans,/update/json/docs,/admin/luke,/export,/get,/admin/properties,/update/json,/admin/threads,/query,/analysis/field,/analysis/document,/update/csv,/sql,/select,/admin/segments,/admin/system,/replication,/config,/stream,/schema,/admin/plugins,/admin/logging,/admin/ping,/update,/admin/file,/debug/dump,/terms
2018-09-10 16:46:59.195 INFO  (coreLoadExecutor-6-thread-1) [   x:bookstore] o.a.s.c.SolrCore Using default statsCache cache: org.apache.solr.search.stats.LocalStatsCache
2018-09-10 16:46:59.206 INFO  (coreLoadExecutor-6-thread-1) [   x:bookstore] o.a.s.u.UpdateHandler Using UpdateLog implementation: org.apache.solr.update.UpdateLog
2018-09-10 16:46:59.206 INFO  (coreLoadExecutor-6-thread-1) [   x:bookstore] o.a.s.u.UpdateLog Initializing UpdateLog: dataDir= defaultSyncLevel=FLUSH numRecordsToKeep=100 maxNumLogsToKeep=10 numVersionBuckets=65536
2018-09-10 16:46:59.221 INFO  (coreLoadExecutor-6-thread-1) [   x:bookstore] o.a.s.u.CommitTracker Hard AutoCommit: if uncommited for 15000ms; 
2018-09-10 16:46:59.221 INFO  (coreLoadExecutor-6-thread-1) [   x:bookstore] o.a.s.u.CommitTracker Soft AutoCommit: disabled
2018-09-10 16:46:59.279 INFO  (coreLoadExecutor-6-thread-1) [   x:bookstore] o.a.s.c.SolrDeletionPolicy SolrDeletionPolicy.onInit: commits: num=1
	commit{dir=NRTCachingDirectory(MMapDirectory@/home/akash/Documents/3rd Year 2nd Semester/IRWA/Project_Solr/Apache_Solr/solr-6.0.0/solr-6.0.0/server/solr/bookstore/data/index lockFactory=org.apache.lucene.store.NativeFSLockFactory@1fd40da6; maxCacheMB=48.0 maxMergeSizeMB=4.0),segFN=segments_4,generation=4}
2018-09-10 16:46:59.279 INFO  (coreLoadExecutor-6-thread-1) [   x:bookstore] o.a.s.c.SolrDeletionPolicy newest commit generation = 4
2018-09-10 16:46:59.340 INFO  (coreLoadExecutor-6-thread-1) [   x:bookstore] o.a.s.s.SolrIndexSearcher Opening [Searcher@2a7ab2c7[bookstore] main]
2018-09-10 16:46:59.351 INFO  (coreLoadExecutor-6-thread-1) [   x:bookstore] o.a.s.r.ManagedResourceStorage File-based storage initialized to use dir: /home/akash/Documents/3rd Year 2nd Semester/IRWA/Project_Solr/Apache_Solr/solr-6.0.0/solr-6.0.0/server/solr/bookstore/conf
2018-09-10 16:46:59.351 INFO  (coreLoadExecutor-6-thread-1) [   x:bookstore] o.a.s.r.RestManager Initializing RestManager with initArgs: {storageDir=/home/akash/Documents/3rd Year 2nd Semester/IRWA/Project_Solr/Apache_Solr/solr-6.0.0/solr-6.0.0/server/solr/bookstore/conf}
2018-09-10 16:46:59.365 INFO  (coreLoadExecutor-6-thread-1) [   x:bookstore] o.a.s.r.ManagedResourceStorage Reading _rest_managed.json using file:dir=/home/akash/Documents/3rd Year 2nd Semester/IRWA/Project_Solr/Apache_Solr/solr-6.0.0/solr-6.0.0/server/solr/bookstore/conf
2018-09-10 16:46:59.366 INFO  (coreLoadExecutor-6-thread-1) [   x:bookstore] o.a.s.r.ManagedResourceStorage Loaded LinkedHashMap at path _rest_managed.json using file:dir=/home/akash/Documents/3rd Year 2nd Semester/IRWA/Project_Solr/Apache_Solr/solr-6.0.0/solr-6.0.0/server/solr/bookstore/conf
2018-09-10 16:46:59.366 INFO  (coreLoadExecutor-6-thread-1) [   x:bookstore] o.a.s.r.ManagedResource Loaded initArgs {} for /rest/managed
2018-09-10 16:46:59.367 INFO  (coreLoadExecutor-6-thread-1) [   x:bookstore] o.a.s.r.RestManager Initializing 0 registered ManagedResources
2018-09-10 16:46:59.378 INFO  (coreLoadExecutor-6-thread-1) [   x:bookstore] o.a.s.h.ReplicationHandler Commits will be reserved for  10000
2018-09-10 16:46:59.392 INFO  (searcherExecutor-7-thread-1-processing-x:bookstore) [   x:bookstore] o.a.s.c.SolrCore [bookstore] Registered new searcher Searcher@2a7ab2c7[bookstore] main{ExitableDirectoryReader(UninvertingDirectoryReader(Uninverting(_1(6.0.0):C7/1:delGen=1) Uninverting(_2(6.0.0):C1)))}
2018-09-10 16:46:59.393 INFO  (coreLoadExecutor-6-thread-1) [   x:bookstore] o.a.s.u.UpdateLog Looking up max value of version field to seed version buckets
2018-09-10 16:46:59.395 INFO  (coreLoadExecutor-6-thread-1) [   x:bookstore] o.a.s.u.VersionInfo Refreshing highest value of _version_ for 65536 version buckets from index
2018-09-10 16:46:59.412 INFO  (coreLoadExecutor-6-thread-1) [   x:bookstore] o.a.s.u.VersionInfo Found MAX value 1611218864582950912 from Terms for _version_ in index
2018-09-10 16:46:59.419 INFO  (coreLoadExecutor-6-thread-1) [   x:bookstore] o.a.s.u.UpdateLog Took 24.0ms to seed version buckets with highest version 1611218864582950912
2018-09-10 16:46:59.420 INFO  (coreLoadExecutor-6-thread-1) [   x:bookstore] o.a.s.c.CoreContainer registering core: bookstore
2018-09-10 16:47:06.363 INFO  (qtp1791930789-20) [   ] o.a.s.s.HttpSolrCall [admin] webapp=null path=/admin/cores params={indexInfo=false&wt=json&_=1536598026102} status=0 QTime=13
2018-09-10 16:47:06.431 INFO  (qtp1791930789-14) [   ] o.a.s.s.HttpSolrCall [admin] webapp=null path=/admin/info/system params={wt=json&_=1536598026103} status=0 QTime=77
2018-09-10 16:47:06.491 INFO  (qtp1791930789-16) [   ] o.a.s.s.HttpSolrCall [admin] webapp=null path=/admin/info/system params={wt=json&_=1536598026103} status=0 QTime=17
